<?xml version="1.0" encoding="UTF-8"?>
<!-- Generated by org.testng.reporters.JUnitXMLReporter -->
<testsuite ignored="1" hostname="Rikki" failures="0" tests="4" name="Default test" time="0.105" errors="0" timestamp="17 Mar 2024 12:54:11 GMT">
  <testcase classname="testNG.Disable" name="login" time="0.031"/>
  <testcase classname="testNG.Disable" name="searchProduct" time="0.003"/>
  <testcase classname="testNG.Disable" name="addToCart" time="0.002"/>
  <testcase classname="testNG.Disable" name="logout" time="0.002"/>
  <testcase classname="testNG.Disable" name="payment" time="0.0">
    <ignored/>
  </testcase> <!-- payment -->
</testsuite> <!-- Default test -->
