<?xml version="1.0" encoding="UTF-8"?>
<testng-results ignored="1" total="5" passed="4" failed="0" skipped="0">
  <reporter-output>
  </reporter-output>
  <suite started-at="2024-03-17T12:54:10Z" name="Default suite" finished-at="2024-03-17T12:54:10Z" duration-ms="105">
    <groups>
    </groups>
    <test started-at="2024-03-17T12:54:10Z" name="Default test" finished-at="2024-03-17T12:54:10Z" duration-ms="105">
      <class name="testNG.Disable">
        <test-method signature="login()[pri:1, instance:testNG.Disable@8462f31]" started-at="2024-03-17T12:54:10Z" name="login" finished-at="2024-03-17T12:54:10Z" duration-ms="31" status="PASS">
          <reporter-output>
          </reporter-output>
        </test-method> <!-- login -->
        <test-method signature="searchProduct()[pri:2, instance:testNG.Disable@8462f31]" started-at="2024-03-17T12:54:10Z" name="searchProduct" finished-at="2024-03-17T12:54:10Z" duration-ms="3" status="PASS">
          <reporter-output>
          </reporter-output>
        </test-method> <!-- searchProduct -->
        <test-method signature="addToCart()[pri:3, instance:testNG.Disable@8462f31]" started-at="2024-03-17T12:54:10Z" name="addToCart" finished-at="2024-03-17T12:54:10Z" duration-ms="2" status="PASS">
          <reporter-output>
          </reporter-output>
        </test-method> <!-- addToCart -->
        <test-method signature="logout()[pri:5, instance:testNG.Disable@8462f31]" started-at="2024-03-17T12:54:10Z" name="logout" finished-at="2024-03-17T12:54:10Z" duration-ms="2" status="PASS">
          <reporter-output>
          </reporter-output>
        </test-method> <!-- logout -->
      </class> <!-- testNG.Disable -->
    </test> <!-- Default test -->
  </suite> <!-- Default suite -->
</testng-results>
